python3 mypyvy.py updr --use-z3-unsat-core --dont-block-may-cexs --minimize-models --log info test/paxos_no_choosable.pyv
INFO mypyvy.py:73: setting seed to 0
INFO mypyvy.py:73: enable z3 macro finder
INFO mypyvy.py:73: updr started at 2019-02-28 10:30:46.326589
checking init:
  implies invariant on line 82... ok. (0:00:00.000450)
  implies invariant on line 85... ok. (0:00:00.000412)
  implies invariant on line 86... ok. (0:00:00.000251)
  implies invariant on line 87... ok. (0:00:00.000331)
  implies invariant on line 88... ok. (0:00:00.000475)
  implies invariant on line 109... ok. (0:00:00.000304)
INFO mypyvy.py:73: frame 0 of the_phase is
forall R:round. !one_a(R)
forall N:node, R:round. !one_b(N, R)
forall N:node, R:round. !left_round(N, R)
forall R:round, V:value. !proposal(R, V)
forall N:node, R:round, V:value. !vote(N, R, V)
forall R:round, V:value. !decision(R, V)
INFO mypyvy.py:73: frame 1 of the_phase is
forall N:node, R:round. !one_b(N, R)
forall N:node, R:round. !left_round(N, R)
forall R:round, V:value. !proposal(R, V)
forall N:node, R:round, V:value. !vote(N, R, V)
forall R:round, V:value. !decision(R, V)
INFO mypyvy.py:73: considering frame 1
INFO mypyvy.py:73: frame is safe but not inductive. starting new frame
INFO mypyvy.py:73: frame 0 of the_phase is
forall R:round. !one_a(R)
forall N:node, R:round. !one_b(N, R)
forall N:node, R:round. !left_round(N, R)
forall R:round, V:value. !proposal(R, V)
forall N:node, R:round, V:value. !vote(N, R, V)
forall R:round, V:value. !decision(R, V)
INFO mypyvy.py:73: frame 1 of the_phase is
forall N:node, R:round. !one_b(N, R)
forall N:node, R:round. !left_round(N, R)
forall R:round, V:value. !proposal(R, V)
forall N:node, R:round, V:value. !vote(N, R, V)
forall R:round, V:value. !decision(R, V)
INFO mypyvy.py:73: frame 2 of the_phase is
forall R:round, V:value. !proposal(R, V)
forall N:node, R:round, V:value. !vote(N, R, V)
forall R:round, V:value. !decision(R, V)
INFO mypyvy.py:73: considering frame 2
INFO mypyvy.py:73: frame is safe but not inductive. starting new frame
INFO mypyvy.py:73: frame 0 of the_phase is
forall R:round. !one_a(R)
forall N:node, R:round. !one_b(N, R)
forall N:node, R:round. !left_round(N, R)
forall R:round, V:value. !proposal(R, V)
forall N:node, R:round, V:value. !vote(N, R, V)
forall R:round, V:value. !decision(R, V)
INFO mypyvy.py:73: frame 1 of the_phase is
forall N:node, R:round. !one_b(N, R)
forall N:node, R:round. !left_round(N, R)
forall R:round, V:value. !proposal(R, V)
forall N:node, R:round, V:value. !vote(N, R, V)
forall R:round, V:value. !decision(R, V)
INFO mypyvy.py:73: frame 2 of the_phase is
forall R:round, V:value. !proposal(R, V)
forall N:node, R:round, V:value. !vote(N, R, V)
forall R:round, V:value. !decision(R, V)
INFO mypyvy.py:73: frame 3 of the_phase is
forall N:node, R:round, V:value. !vote(N, R, V)
forall R:round, V:value. !decision(R, V)
INFO mypyvy.py:73: considering frame 3
INFO mypyvy.py:73: frame is safe but not inductive. starting new frame
INFO mypyvy.py:73: frame 0 of the_phase is
forall R:round. !one_a(R)
forall N:node, R:round. !one_b(N, R)
forall N:node, R:round. !left_round(N, R)
forall R:round, V:value. !proposal(R, V)
forall N:node, R:round, V:value. !vote(N, R, V)
forall R:round, V:value. !decision(R, V)
INFO mypyvy.py:73: frame 1 of the_phase is
forall N:node, R:round. !one_b(N, R)
forall N:node, R:round. !left_round(N, R)
forall R:round, V:value. !proposal(R, V)
forall N:node, R:round, V:value. !vote(N, R, V)
forall R:round, V:value. !decision(R, V)
INFO mypyvy.py:73: frame 2 of the_phase is
forall R:round, V:value. !proposal(R, V)
forall N:node, R:round, V:value. !vote(N, R, V)
forall R:round, V:value. !decision(R, V)
INFO mypyvy.py:73: frame 3 of the_phase is
forall N:node, R:round, V:value. !vote(N, R, V)
forall R:round, V:value. !decision(R, V)
INFO mypyvy.py:73: frame 4 of the_phase is
forall R:round, V:value. !decision(R, V)
INFO mypyvy.py:73: considering frame 4
INFO mypyvy.py:73: frame is safe but not inductive. starting new frame
INFO mypyvy.py:73: [5] !(exists round0:round, value0:value, value1:value. value0 != value1 & decision(round0, value0) & decision(round0, value1))
INFO mypyvy.py:73: [5] !(exists round0:round, round1:round, value0:value, value1:value. !decision(round1, value0) & decision(round1, value1) & decision(round0, value0))
INFO mypyvy.py:73: frame 0 of the_phase is
forall R:round. !one_a(R)
forall N:node, R:round. !one_b(N, R)
forall N:node, R:round. !left_round(N, R)
forall R:round, V:value. !proposal(R, V)
forall N:node, R:round, V:value. !vote(N, R, V)
forall R:round, V:value. !decision(R, V)
INFO mypyvy.py:73: frame 1 of the_phase is
forall N:node, R:round. !one_b(N, R)
forall N:node, R:round. !left_round(N, R)
forall R:round, V:value. !proposal(R, V)
forall N:node, R:round, V:value. !vote(N, R, V)
forall R:round, V:value. !decision(R, V)
INFO mypyvy.py:73: frame 2 of the_phase is
forall R:round, V:value. !proposal(R, V)
forall N:node, R:round, V:value. !vote(N, R, V)
forall R:round, V:value. !decision(R, V)
INFO mypyvy.py:73: frame 3 of the_phase is
forall N:node, R:round, V:value. !vote(N, R, V)
forall R:round, V:value. !decision(R, V)
INFO mypyvy.py:73: frame 4 of the_phase is
forall R:round, V:value. !decision(R, V)
INFO mypyvy.py:73: frame 5 of the_phase is
!(exists round0:round, value0:value, value1:value. value0 != value1 & decision(round0, value0) & decision(round0, value1))
!(exists round0:round, round1:round, value0:value, value1:value. !decision(round1, value0) & decision(round1, value1) & decision(round0, value0))
INFO mypyvy.py:73: considering frame 5
INFO mypyvy.py:73: frame is safe but not inductive. starting new frame
INFO mypyvy.py:73: [4] !(exists node0:node, round0:round, value0:value. vote(node0, round0, value0) & none = round0)
INFO mypyvy.py:73: [5] !(exists node0:node, round1:round, value0:value. vote(node0, round1, value0) & none = round1)
INFO mypyvy.py:73: [4] !(exists node0:node, round1:round, value0:value, value1:value. value0 != value1 & vote(node0, round1, value0) & vote(node0, round1, value1))
INFO mypyvy.py:73: [5] !(exists node0:node, round0:round, value0:value, value1:value. value0 != value1 & decision(round0, value0) & vote(node0, round0, value0) & vote(node0, round0, value1))
INFO mypyvy.py:73: [5] !(exists node0:node, quorum0:quorum, round0:round, value0:value. decision(round0, value0) & !vote(node0, round0, value0) & member(node0, quorum0) & decision_quorum(round0, value0) = quorum0)
INFO mypyvy.py:73: [6] !(exists round0:round, value0:value, value1:value. value0 != value1 & decision(round0, value0) & decision(round0, value1))
INFO mypyvy.py:73: [4] !(exists node0:node, round0:round, round2:round, value0:value, value1:value. vote(node0, round0, value0) & !vote(node0, round2, value0) & vote(node0, round2, value1))
INFO mypyvy.py:73: [5] !(exists node0:node, round0:round, round1:round, value0:value, value1:value. value0 != value1 & decision(round0, value0) & vote(node0, round1, value1) & vote(node0, round0, value0))
INFO mypyvy.py:73: [6] !(exists round0:round, round1:round, value0:value, value1:value. value0 != value1 & decision(round1, value1) & decision(round0, value0))
INFO mypyvy.py:73: frame 0 of the_phase is
forall R:round. !one_a(R)
forall N:node, R:round. !one_b(N, R)
forall N:node, R:round. !left_round(N, R)
forall R:round, V:value. !proposal(R, V)
forall N:node, R:round, V:value. !vote(N, R, V)
forall R:round, V:value. !decision(R, V)
INFO mypyvy.py:73: frame 1 of the_phase is
forall N:node, R:round. !one_b(N, R)
forall N:node, R:round. !left_round(N, R)
forall R:round, V:value. !proposal(R, V)
forall N:node, R:round, V:value. !vote(N, R, V)
forall R:round, V:value. !decision(R, V)
INFO mypyvy.py:73: frame 2 of the_phase is
forall R:round, V:value. !proposal(R, V)
forall N:node, R:round, V:value. !vote(N, R, V)
forall R:round, V:value. !decision(R, V)
INFO mypyvy.py:73: frame 3 of the_phase is
forall N:node, R:round, V:value. !vote(N, R, V)
forall R:round, V:value. !decision(R, V)
INFO mypyvy.py:73: frame 4 of the_phase is
forall R:round, V:value. !decision(R, V)
!(exists node0:node, round0:round, value0:value. vote(node0, round0, value0) & none = round0)
!(exists node0:node, round1:round, value0:value, value1:value. value0 != value1 & vote(node0, round1, value0) & vote(node0, round1, value1))
!(exists node0:node, round0:round, round2:round, value0:value, value1:value. vote(node0, round0, value0) & !vote(node0, round2, value0) & vote(node0, round2, value1))
INFO mypyvy.py:73: frame 5 of the_phase is
!(exists node0:node, round1:round, value0:value. vote(node0, round1, value0) & none = round1)
!(exists node0:node, quorum0:quorum, round0:round, value0:value. decision(round0, value0) & !vote(node0, round0, value0) & member(node0, quorum0) & decision_quorum(round0, value0) = quorum0)
!(exists node0:node, round0:round, round1:round, value0:value, value1:value. value0 != value1 & decision(round0, value0) & vote(node0, round1, value1) & vote(node0, round0, value0))
INFO mypyvy.py:73: frame 6 of the_phase is
!(exists round0:round, round1:round, value0:value, value1:value. value0 != value1 & decision(round1, value1) & decision(round0, value0))
INFO mypyvy.py:73: considering frame 6
INFO mypyvy.py:73: frame is safe but not inductive. starting new frame
INFO mypyvy.py:73: [3] !(exists round0:round, value0:value. proposal(round0, value0) & none = round0)
INFO mypyvy.py:73: [4] !(exists round0:round, value0:value. proposal(round0, value0) & none = round0)
INFO mypyvy.py:73: [5] !(exists round0:round, value0:value. proposal(round0, value0) & none = round0)
INFO mypyvy.py:73: [3] !(exists round1:round, value0:value, value1:value. value0 != value1 & proposal(round1, value0) & proposal(round1, value1))
INFO mypyvy.py:73: [4] !(exists round1:round, value0:value, value1:value. value0 != value1 & proposal(round1, value0) & proposal(round1, value1))
INFO mypyvy.py:73: [5] !(exists round1:round, value0:value, value1:value. value0 != value1 & proposal(round1, value0) & proposal(round1, value1))
INFO mypyvy.py:73: [4] !(exists node0:node, round1:round, value1:value. !proposal(round1, value1) & vote(node0, round1, value1))
INFO mypyvy.py:73: [5] !(exists node0:node, round1:round, value0:value, value1:value. value0 != value1 & proposal(round1, value1) & vote(node0, round1, value0))
INFO mypyvy.py:73: [5] !(exists node0:node, round1:round, value0:value, value1:value. value0 != value1 & vote(node0, round1, value0) & vote(node0, round1, value1))
INFO mypyvy.py:73: [6] !(exists node0:node, round1:round, value0:value, value1:value. value0 != value1 & vote(node0, round1, value0) & vote(node0, round1, value1))
INFO mypyvy.py:73: [7] !(exists round0:round, value0:value, value1:value. value0 != value1 & decision(round0, value0) & decision(round0, value1))
INFO mypyvy.py:73: [7] !(exists node0:node, round0:round, round1:round, value0:value, value1:value. value0 != value1 & decision(round1, value1) & decision(round0, value0) & vote(node0, round1, value0) & vote(node0, round1, value1))
INFO mypyvy.py:73: [5] !(exists node0:node, round0:round, value0:value. !proposal(round0, value0) & vote(node0, round0, value0))
INFO mypyvy.py:73: [3] !(exists round1:round, round2:round, value0:value, value1:value. proposal(round1, value0) & !proposal(round1, value1) & proposal(round2, value1))
INFO mypyvy.py:73: [4] !(exists node0:node, round1:round, round2:round, value0:value, value1:value. value0 != value1 & proposal(round1, value0) & vote(node0, round2, value1))
INFO mypyvy.py:73: [5] !(exists round0:round, round2:round, value0:value, value1:value. value0 != value1 & decision(round0, value0) & proposal(round2, value1))
INFO mypyvy.py:73: [5] !(exists node0:node, round1:round, round2:round, value0:value, value1:value. value0 != value1 & vote(node0, round1, value0) & vote(node0, round2, value1))
INFO mypyvy.py:73: [6] !(exists node0:node, round0:round, round2:round, value0:value, value1:value. value0 != value1 & decision(round0, value0) & vote(node0, round0, value0) & vote(node0, round2, value1))
INFO mypyvy.py:73: [7] !(exists round0:round, round1:round, value0:value, value1:value. value0 != value1 & decision(round1, value1) & decision(round0, value0))
INFO mypyvy.py:73: frame 0 of the_phase is
forall R:round. !one_a(R)
forall N:node, R:round. !one_b(N, R)
forall N:node, R:round. !left_round(N, R)
forall R:round, V:value. !proposal(R, V)
forall N:node, R:round, V:value. !vote(N, R, V)
forall R:round, V:value. !decision(R, V)
INFO mypyvy.py:73: frame 1 of the_phase is
forall N:node, R:round. !one_b(N, R)
forall N:node, R:round. !left_round(N, R)
forall R:round, V:value. !proposal(R, V)
forall N:node, R:round, V:value. !vote(N, R, V)
forall R:round, V:value. !decision(R, V)
INFO mypyvy.py:73: frame 2 of the_phase is
forall R:round, V:value. !proposal(R, V)
forall N:node, R:round, V:value. !vote(N, R, V)
forall R:round, V:value. !decision(R, V)
INFO mypyvy.py:73: frame 3 of the_phase is
forall N:node, R:round, V:value. !vote(N, R, V)
forall R:round, V:value. !decision(R, V)
!(exists round0:round, value0:value. proposal(round0, value0) & none = round0)
!(exists round1:round, value0:value, value1:value. value0 != value1 & proposal(round1, value0) & proposal(round1, value1))
!(exists round1:round, round2:round, value0:value, value1:value. proposal(round1, value0) & !proposal(round1, value1) & proposal(round2, value1))
INFO mypyvy.py:73: frame 4 of the_phase is
forall R:round, V:value. !decision(R, V)
!(exists round0:round, value0:value. proposal(round0, value0) & none = round0)
!(exists round1:round, value0:value, value1:value. value0 != value1 & proposal(round1, value0) & proposal(round1, value1))
!(exists node0:node, round1:round, value1:value. !proposal(round1, value1) & vote(node0, round1, value1))
!(exists node0:node, round1:round, round2:round, value0:value, value1:value. value0 != value1 & proposal(round1, value0) & vote(node0, round2, value1))
INFO mypyvy.py:73: frame 5 of the_phase is
!(exists node0:node, quorum0:quorum, round0:round, value0:value. decision(round0, value0) & !vote(node0, round0, value0) & member(node0, quorum0) & decision_quorum(round0, value0) = quorum0)
!(exists round0:round, value0:value. proposal(round0, value0) & none = round0)
!(exists round1:round, value0:value, value1:value. value0 != value1 & proposal(round1, value0) & proposal(round1, value1))
!(exists node0:node, round0:round, value0:value. !proposal(round0, value0) & vote(node0, round0, value0))
!(exists round0:round, round2:round, value0:value, value1:value. value0 != value1 & decision(round0, value0) & proposal(round2, value1))
!(exists node0:node, round1:round, round2:round, value0:value, value1:value. value0 != value1 & vote(node0, round1, value0) & vote(node0, round2, value1))
INFO mypyvy.py:73: frame 6 of the_phase is
!(exists node0:node, round1:round, value0:value. vote(node0, round1, value0) & none = round1)
!(exists node0:node, quorum0:quorum, round0:round, value0:value. decision(round0, value0) & !vote(node0, round0, value0) & member(node0, quorum0) & decision_quorum(round0, value0) = quorum0)
!(exists node0:node, round1:round, value0:value, value1:value. value0 != value1 & vote(node0, round1, value0) & vote(node0, round1, value1))
!(exists node0:node, round0:round, round2:round, value0:value, value1:value. value0 != value1 & decision(round0, value0) & vote(node0, round0, value0) & vote(node0, round2, value1))
INFO mypyvy.py:73: frame 7 of the_phase is
!(exists node0:node, round1:round, value0:value. vote(node0, round1, value0) & none = round1)
!(exists node0:node, quorum0:quorum, round0:round, value0:value. decision(round0, value0) & !vote(node0, round0, value0) & member(node0, quorum0) & decision_quorum(round0, value0) = quorum0)
!(exists round0:round, round1:round, value0:value, value1:value. value0 != value1 & decision(round1, value1) & decision(round0, value0))
INFO mypyvy.py:73: considering frame 7
INFO mypyvy.py:73: frame is safe but not inductive. starting new frame
INFO mypyvy.py:73: [2] !(exists node0:node, round0:round. one_b(node0, round0) & none = round0)
INFO mypyvy.py:73: [3] !(exists node0:node, round0:round. one_b(node0, round0) & none = round0)
INFO mypyvy.py:73: [4] !(exists node0:node, round0:round. one_b(node0, round0) & none = round0)
INFO mypyvy.py:73: [2] !(exists node0:node, round0:round, round1:round. !left_round(node0, round0) & one_b(node0, round1) & !le(round1, round0))
INFO mypyvy.py:73: [3] !(exists node0:node, round0:round, round1:round. !left_round(node0, round0) & one_b(node0, round1) & !le(round1, round0))
INFO mypyvy.py:73: [4] !(exists node1:node, round1:round, round2:round. !left_round(node1, round1) & one_b(node1, round2) & !le(round2, round1))
INFO mypyvy.py:73: [2] !(exists node0:node, node2:node, round1:round, round2:round. one_b(node2, round1) & !one_b(node2, round2) & one_b(node0, round2))
INFO mypyvy.py:73: [3] !(exists node0:node, round1:round, round2:round, value1:value. one_b(node0, round1) & !one_b(node0, round2) & proposal(round2, value1))
INFO mypyvy.py:73: [4] !(exists node0:node, node1:node, round1:round, round2:round, value0:value. !one_b(node1, round1) & one_b(node1, round2) & vote(node0, round1, value0))
INFO mypyvy.py:73: [2] !(exists node0:node, round2:round. left_round(node0, round2) & one_b(node0, round2))
INFO mypyvy.py:73: [3] !(exists node0:node, round2:round, value1:value. left_round(node0, round2) & one_b(node0, round2) & proposal(round2, value1))
INFO mypyvy.py:73: [4] !(exists node0:node, node1:node, round1:round, value0:value. left_round(node1, round1) & one_b(node1, round1) & vote(node0, round1, value0))
INFO mypyvy.py:73: [3] !(exists node1:node, round1:round, round2:round, value0:value. left_round(node1, round2) & one_b(node1, round2) & proposal(round1, value0))
INFO mypyvy.py:73: [4] !(exists round1:round, round2:round, value0:value, value1:value. value0 != value1 & proposal(round1, value0) & proposal(round2, value1))
INFO mypyvy.py:73: [5] !(exists node0:node, round1:round, round2:round, value0:value, value1:value. value0 != value1 & proposal(round1, value0) & vote(node0, round2, value1) & !le(round1, round2))
INFO mypyvy.py:73: [6] !(exists round0:round, round2:round, value0:value, value1:value. value0 != value1 & decision(round0, value0) & proposal(round2, value1) & !le(round2, round0))
INFO mypyvy.py:73: [4] !(exists node0:node, node1:node, round1:round, round2:round, value0:value. left_round(node0, round2) & one_b(node0, round2) & vote(node1, round1, value0))
INFO mypyvy.py:73: [5] !(exists node0:node, round1:round, round2:round, value0:value, value1:value. value0 != value1 & proposal(round2, value1) & vote(node0, round1, value0))
INFO mypyvy.py:73: [6] !(exists node0:node, round1:round, round2:round, value0:value, value1:value. value0 != value1 & vote(node0, round1, value0) & vote(node0, round2, value1))
INFO mypyvy.py:73: [7] !(exists node0:node, round0:round, round2:round, value0:value, value1:value. value0 != value1 & decision(round0, value0) & vote(node0, round0, value0) & vote(node0, round2, value1) & !le(round2, round0))
INFO mypyvy.py:73: [5] !(exists node0:node, round1:round. one_b(node0, round1) & none = round1)
INFO mypyvy.py:73: [5] !(exists node0:node, round0:round, round2:round, value0:value. decision(round0, value0) & one_b(node0, round2) & !le(round0, round2))
INFO mypyvy.py:73: [6] !(exists round0:round, round2:round, value0:value, value1:value. value0 != value1 & decision(round0, value0) & proposal(round2, value1))
INFO mypyvy.py:73: [7] !(exists node0:node, round0:round, round2:round, value0:value, value1:value. value0 != value1 & decision(round0, value0) & vote(node0, round0, value0) & vote(node0, round2, value1))
INFO mypyvy.py:73: [8] !(exists round0:round, round1:round, value0:value, value1:value. value0 != value1 & decision(round1, value1) & decision(round0, value0))
INFO mypyvy.py:73: frame 0 of the_phase is
forall R:round. !one_a(R)
forall N:node, R:round. !one_b(N, R)
forall N:node, R:round. !left_round(N, R)
forall R:round, V:value. !proposal(R, V)
forall N:node, R:round, V:value. !vote(N, R, V)
forall R:round, V:value. !decision(R, V)
INFO mypyvy.py:73: frame 1 of the_phase is
forall N:node, R:round. !one_b(N, R)
forall N:node, R:round. !left_round(N, R)
forall R:round, V:value. !proposal(R, V)
forall N:node, R:round, V:value. !vote(N, R, V)
forall R:round, V:value. !decision(R, V)
INFO mypyvy.py:73: frame 2 of the_phase is
forall R:round, V:value. !proposal(R, V)
forall N:node, R:round, V:value. !vote(N, R, V)
forall R:round, V:value. !decision(R, V)
!(exists node0:node, round0:round. one_b(node0, round0) & none = round0)
!(exists node0:node, round0:round, round1:round. !left_round(node0, round0) & one_b(node0, round1) & !le(round1, round0))
!(exists node0:node, node2:node, round1:round, round2:round. one_b(node2, round1) & !one_b(node2, round2) & one_b(node0, round2))
!(exists node0:node, round2:round. left_round(node0, round2) & one_b(node0, round2))
INFO mypyvy.py:73: frame 3 of the_phase is
forall N:node, R:round, V:value. !vote(N, R, V)
forall R:round, V:value. !decision(R, V)
!(exists round0:round, value0:value. proposal(round0, value0) & none = round0)
!(exists round1:round, value0:value, value1:value. value0 != value1 & proposal(round1, value0) & proposal(round1, value1))
!(exists round1:round, round2:round, value0:value, value1:value. proposal(round1, value0) & !proposal(round1, value1) & proposal(round2, value1))
!(exists node0:node, round0:round. one_b(node0, round0) & none = round0)
!(exists node0:node, round0:round, round1:round. !left_round(node0, round0) & one_b(node0, round1) & !le(round1, round0))
!(exists node0:node, round1:round, round2:round, value1:value. one_b(node0, round1) & !one_b(node0, round2) & proposal(round2, value1))
!(exists node1:node, round1:round, round2:round, value0:value. left_round(node1, round2) & one_b(node1, round2) & proposal(round1, value0))
INFO mypyvy.py:73: frame 4 of the_phase is
forall R:round, V:value. !decision(R, V)
!(exists round0:round, value0:value. proposal(round0, value0) & none = round0)
!(exists node0:node, round1:round, value1:value. !proposal(round1, value1) & vote(node0, round1, value1))
!(exists node0:node, round0:round. one_b(node0, round0) & none = round0)
!(exists node1:node, round1:round, round2:round. !left_round(node1, round1) & one_b(node1, round2) & !le(round2, round1))
!(exists node0:node, node1:node, round1:round, round2:round, value0:value. !one_b(node1, round1) & one_b(node1, round2) & vote(node0, round1, value0))
!(exists round1:round, round2:round, value0:value, value1:value. value0 != value1 & proposal(round1, value0) & proposal(round2, value1))
!(exists node0:node, node1:node, round1:round, round2:round, value0:value. left_round(node0, round2) & one_b(node0, round2) & vote(node1, round1, value0))
INFO mypyvy.py:73: frame 5 of the_phase is
!(exists node0:node, quorum0:quorum, round0:round, value0:value. decision(round0, value0) & !vote(node0, round0, value0) & member(node0, quorum0) & decision_quorum(round0, value0) = quorum0)
!(exists round0:round, value0:value. proposal(round0, value0) & none = round0)
!(exists round1:round, value0:value, value1:value. value0 != value1 & proposal(round1, value0) & proposal(round1, value1))
!(exists node0:node, round0:round, value0:value. !proposal(round0, value0) & vote(node0, round0, value0))
!(exists node0:node, round1:round, round2:round, value0:value, value1:value. value0 != value1 & proposal(round2, value1) & vote(node0, round1, value0))
!(exists node0:node, round1:round. one_b(node0, round1) & none = round1)
!(exists node0:node, round0:round, round2:round, value0:value. decision(round0, value0) & one_b(node0, round2) & !le(round0, round2))
INFO mypyvy.py:73: frame 6 of the_phase is
!(exists node0:node, quorum0:quorum, round0:round, value0:value. decision(round0, value0) & !vote(node0, round0, value0) & member(node0, quorum0) & decision_quorum(round0, value0) = quorum0)
!(exists round0:round, value0:value. proposal(round0, value0) & none = round0)
!(exists round1:round, value0:value, value1:value. value0 != value1 & proposal(round1, value0) & proposal(round1, value1))
!(exists node0:node, round0:round, value0:value. !proposal(round0, value0) & vote(node0, round0, value0))
!(exists node0:node, round1:round, round2:round, value0:value, value1:value. value0 != value1 & vote(node0, round1, value0) & vote(node0, round2, value1))
!(exists round0:round, round2:round, value0:value, value1:value. value0 != value1 & decision(round0, value0) & proposal(round2, value1))
INFO mypyvy.py:73: frame 7 of the_phase is
!(exists node0:node, quorum0:quorum, round0:round, value0:value. decision(round0, value0) & !vote(node0, round0, value0) & member(node0, quorum0) & decision_quorum(round0, value0) = quorum0)
!(exists round0:round, value0:value. proposal(round0, value0) & none = round0)
!(exists round1:round, value0:value, value1:value. value0 != value1 & proposal(round1, value0) & proposal(round1, value1))
!(exists node0:node, round0:round, value0:value. !proposal(round0, value0) & vote(node0, round0, value0))
!(exists node0:node, round0:round, round2:round, value0:value, value1:value. value0 != value1 & decision(round0, value0) & vote(node0, round0, value0) & vote(node0, round2, value1))
INFO mypyvy.py:73: frame 8 of the_phase is
!(exists node0:node, quorum0:quorum, round0:round, value0:value. decision(round0, value0) & !vote(node0, round0, value0) & member(node0, quorum0) & decision_quorum(round0, value0) = quorum0)
!(exists round0:round, value0:value. proposal(round0, value0) & none = round0)
!(exists round1:round, value0:value, value1:value. value0 != value1 & proposal(round1, value0) & proposal(round1, value1))
!(exists node0:node, round0:round, value0:value. !proposal(round0, value0) & vote(node0, round0, value0))
!(exists round0:round, round1:round, value0:value, value1:value. value0 != value1 & decision(round1, value1) & decision(round0, value0))
INFO mypyvy.py:73: considering frame 8
INFO mypyvy.py:73: frame is safe but not inductive. starting new frame
INFO mypyvy.py:73: [4] !(exists node0:node, node1:node, round2:round, value1:value. node0 != node1 & vote(node0, round2, value1) & vote(node1, round2, value1))
INFO mypyvy.py:73: [5] !(exists node0:node, node1:node, round0:round, value0:value. node0 != node1 & decision(round0, value0) & vote(node0, round0, value0) & vote(node1, round0, value0))
INFO mypyvy.py:73: [5] !(exists node0:node, node1:node, round1:round, round2:round, value1:value. node0 != node1 & one_b(node1, round1) & !one_b(node1, round2) & vote(node0, round2, value1) & vote(node1, round2, value1))
INFO mypyvy.py:73: [6] !(exists node0:node, node1:node, round0:round, round2:round, value0:value. node0 != node1 & decision(round0, value0) & !left_round(node1, round2) & one_b(node1, round2) & vote(node0, round0, value0) & vote(node1, round0, value0) & !le(round0, round2))
INFO mypyvy.py:73: [6] !(exists node0:node, node1:node, round0:round, round2:round, value0:value. node0 != node1 & decision(round0, value0) & !one_b(node1, round0) & one_b(node1, round2) & vote(node0, round0, value0) & vote(node1, round0, value0) & !le(round0, round2))
INFO mypyvy.py:73: [5] !(exists node0:node, node1:node, round1:round, round2:round, value1:value. node0 != node1 & left_round(node1, round1) & one_b(node1, round1) & vote(node0, round2, value1) & vote(node1, round2, value1))
INFO mypyvy.py:73: [6] !(exists node0:node, node1:node, round0:round, round2:round, value0:value. node0 != node1 & decision(round0, value0) & one_b(node1, round2) & vote(node0, round0, value0) & vote(node1, round0, value0) & !le(round0, round2))
INFO mypyvy.py:73: [2] !(exists node1:node, round2:round. !one_a(round2) & one_b(node1, round2))
INFO mypyvy.py:73: [3] !(exists round2:round, value1:value. !one_a(round2) & proposal(round2, value1))
INFO mypyvy.py:73: [4] !(exists node1:node, round1:round, value0:value. !one_a(round1) & vote(node1, round1, value0))
INFO mypyvy.py:73: [1] !(exists round0:round. one_a(round0) & none = round0)
INFO mypyvy.py:73: [2] !(exists round0:round. one_a(round0) & none = round0)
INFO mypyvy.py:73: [3] !(exists round0:round. one_a(round0) & none = round0)
INFO mypyvy.py:73: [4] !(exists round0:round. one_a(round0) & none = round0)
INFO mypyvy.py:73: [1] !(exists round1:round, round2:round. round1 != round2 & one_a(round1) & one_a(round2))
INFO mypyvy.py:73: [2] !(exists node0:node, round1:round. left_round(node0, round1) & one_a(round1))
INFO mypyvy.py:73: [3] !(exists round1:round, round2:round, value1:value. one_a(round1) & !proposal(round1, value1) & proposal(round2, value1) & le(round1, round2))
INFO mypyvy.py:73: [4] !(exists node1:node, round1:round, round2:round, value0:value. one_a(round2) & !proposal(round2, value0) & vote(node1, round1, value0) & le(round2, round1))
INFO mypyvy.py:73: [3] !(exists node0:node, round2:round. !one_a(round2) & one_b(node0, round2))
INFO mypyvy.py:73: [4] !(exists round2:round, value0:value. !one_a(round2) & proposal(round2, value0))
INFO mypyvy.py:73: [4] !(exists node0:node, round2:round. !one_a(round2) & one_b(node0, round2))
INFO mypyvy.py:73: [2] !(exists node0:node, round0:round, round1:round, round2:round. round1 != round2 & left_round(node0, round0) & one_a(round1) & one_a(round2))
INFO mypyvy.py:73: [3] !(exists node0:node, node1:node, round0:round, round1:round. left_round(node0, round1) & left_round(node1, round0) & !one_b(node0, round1) & one_b(node1, round1))
INFO mypyvy.py:73: [3] !(exists node0:node, node1:node, round0:round, round1:round. !left_round(node0, round1) & left_round(node0, round0) & left_round(node1, round1) & one_b(node1, round1))
INFO mypyvy.py:73: [4] !(exists node0:node, round0:round, round1:round, round2:round, value0:value. !left_round(node0, round1) & left_round(node0, round0) & one_b(node0, round1) & !proposal(round1, value0) & proposal(round2, value0) & le(round1, round2))
INFO mypyvy.py:73: [5] !(exists node0:node, node1:node, round0:round, round1:round, round2:round, value0:value. left_round(node1, round0) & !left_round(node1, round2) & one_b(node1, round2) & !proposal(round2, value0) & vote(node0, round1, value0) & le(round2, round1))
INFO mypyvy.py:73: [3] !(exists node0:node, node2:node, round1:round. node0 != node2 & left_round(node2, round1) & left_round(node0, round1) & one_b(node0, round1))
INFO mypyvy.py:73: [4] !(exists node0:node, round1:round, round2:round, value0:value. left_round(node0, round1) & one_b(node0, round1) & !one_b(node0, round2) & proposal(round2, value0) & le(round1, round2))
INFO mypyvy.py:73: [5] !(exists node0:node, node1:node, round1:round, round2:round, value0:value. left_round(node1, round2) & !one_b(node1, round1) & one_b(node1, round2) & vote(node0, round1, value0) & le(round2, round1))
INFO mypyvy.py:73: [3] !(exists node0:node, round0:round, round1:round. left_round(node0, round1) & one_b(node0, round1) & !le(round1, round0))
INFO mypyvy.py:73: [4] !(exists node0:node, round0:round, round1:round, round2:round, value0:value. one_b(node0, round1) & !proposal(round1, value0) & proposal(round2, value0) & !le(round1, round0) & le(round1, round2))
INFO mypyvy.py:73: [5] !(exists node0:node, node1:node, round0:round, round1:round, round2:round, value0:value. one_b(node1, round2) & !proposal(round2, value0) & vote(node0, round1, value0) & le(round2, round1) & !le(round2, round0))
INFO mypyvy.py:73: [3] !(exists round0:round, round1:round, round2:round, value0:value. one_a(round2) & proposal(round1, value0) & !proposal(round2, value0) & !le(round1, round0))
INFO mypyvy.py:73: [4] !(exists node1:node, round0:round, round1:round, round2:round, value0:value. left_round(node1, round1) & one_b(node1, round2) & proposal(round1, value0) & !proposal(round2, value0) & !le(round1, round0))
INFO mypyvy.py:73: [5] !(exists round0:round, round1:round, round2:round, value0:value, value1:value. value0 != value1 & proposal(round1, value0) & proposal(round2, value1) & !le(round1, round0) & !le(round2, round1))
INFO mypyvy.py:73: [6] !(exists node0:node, round0:round, round1:round, round2:round, value0:value, value1:value. value0 != value1 & proposal(round1, value0) & vote(node0, round2, value1) & !le(round1, round0) & !le(round2, round1))
INFO mypyvy.py:73: [7] !(exists node0:node, round0:round, round1:round, round2:round, value0:value, value1:value. value0 != value1 & decision(round0, value0) & !one_b(node0, round2) & proposal(round2, value1) & vote(node0, round0, value0) & !le(round0, round2) & !le(round2, round1))
INFO mypyvy.py:73: [4] !(exists node1:node, round0:round, round1:round, round2:round, value0:value. one_a(round2) & !proposal(round2, value0) & vote(node1, round1, value0) & !le(round1, round0))
INFO mypyvy.py:73: [5] !(exists node0:node, node1:node, round0:round, round1:round, round2:round, value0:value. left_round(node1, round1) & one_b(node1, round2) & !proposal(round2, value0) & vote(node0, round1, value0) & !le(round1, round0))
INFO mypyvy.py:73: [6] !(exists node0:node, round0:round, round1:round, round2:round, value0:value, value1:value. value0 != value1 & proposal(round2, value1) & vote(node0, round1, value0) & !le(round1, round0) & !le(round2, round1))
INFO mypyvy.py:73: [7] !(exists node0:node, round0:round, round1:round, round2:round, value0:value, value1:value. value0 != value1 & vote(node0, round1, value0) & vote(node0, round2, value1) & !le(round1, round0) & !le(round2, round1))
INFO mypyvy.py:73: [8] !(exists node0:node, quorum0:quorum, round0:round, round1:round, round2:round, value0:value, value1:value. value0 != value1 & decision(round0, value0) & !one_b(node0, round2) & vote(node0, round2, value1) & !le(round0, round2) & !le(round2, round1) & member(node0, quorum0) & decision_quorum(round0, value0) = quorum0)
INFO mypyvy.py:73: [7] !(exists round0:round, round1:round, round2:round, value0:value, value1:value. value0 != value1 & decision(round0, value0) & proposal(round2, value1) & !le(round0, round1) & !le(round2, round0))
INFO mypyvy.py:73: [8] !(exists node0:node, round0:round, round1:round, round2:round, value0:value, value1:value. value0 != value1 & decision(round0, value0) & vote(node0, round0, value0) & vote(node0, round2, value1) & !le(round0, round1) & !le(round2, round0))
INFO mypyvy.py:73: [9] !(exists node0:node, quorum0:quorum, round0:round, round1:round, round2:round, value0:value, value1:value. value0 != value1 & decision(round1, value1) & decision(round0, value0) & !one_b(node0, round0) & vote(node0, round0, value0) & !le(round1, round0) & !le(round0, round2) & member(node0, quorum0) & decision_quorum(round1, value1) = quorum0)
INFO mypyvy.py:73: [7] !(exists node0:node, round1:round, round2:round, value0:value, value1:value. value0 != value1 & left_round(node0, round1) & left_round(node0, round2) & vote(node0, round1, value0) & vote(node0, round2, value1))
INFO mypyvy.py:73: [8] !(exists node0:node, round0:round, round2:round, value0:value, value1:value. value0 != value1 & decision(round0, value0) & left_round(node0, round0) & left_round(node0, round2) & vote(node0, round0, value0) & vote(node0, round2, value1))
INFO mypyvy.py:73: [9] !(exists node0:node, round0:round, round1:round, value0:value, value1:value. value0 != value1 & decision(round1, value1) & decision(round0, value0) & left_round(node0, round1) & left_round(node0, round0) & vote(node0, round1, value1) & vote(node0, round0, value0))
INFO mypyvy.py:73: [2] !(exists node2:node, round1:round, round2:round. round1 != round2 & one_a(round1) & one_b(node2, round2))
INFO mypyvy.py:73: [3] !(exists round1:round, round2:round, value1:value. round1 != round2 & one_a(round1) & proposal(round2, value1))
INFO mypyvy.py:73: [4] !(exists node1:node, round1:round, round2:round, value0:value. round1 != round2 & one_a(round2) & vote(node1, round1, value0))
INFO mypyvy.py:73: [3] !(exists node0:node, node1:node, round2:round. left_round(node0, round2) & one_b(node1, round2))
INFO mypyvy.py:73: [4] !(exists node0:node, round1:round, round2:round, value0:value. left_round(node0, round2) & one_b(node0, round1) & proposal(round2, value0))
INFO mypyvy.py:73: [5] !(exists node0:node, node1:node, round1:round, round2:round, value0:value. left_round(node1, round1) & one_b(node1, round2) & vote(node0, round1, value0))
INFO mypyvy.py:73: [4] !(exists node1:node, round1:round, round2:round, value0:value. one_b(node1, round2) & proposal(round1, value0) & !le(round1, round2))
INFO mypyvy.py:73: [5] !(exists round1:round, round2:round, value0:value, value1:value. value0 != value1 & proposal(round1, value0) & proposal(round2, value1))
INFO mypyvy.py:73: [6] !(exists node0:node, round1:round, round2:round, value0:value, value1:value. value0 != value1 & proposal(round1, value0) & vote(node0, round2, value1) & !le(round1, round2))
INFO mypyvy.py:73: [7] !(exists round0:round, round2:round, value0:value, value1:value. value0 != value1 & decision(round0, value0) & proposal(round2, value1) & !le(round2, round0))
INFO mypyvy.py:73: [5] !(exists node0:node, node1:node, round1:round, round2:round, value0:value. round1 != round2 & one_b(node1, round2) & vote(node0, round1, value0))
INFO mypyvy.py:73: [6] !(exists node0:node, round1:round, round2:round, value0:value, value1:value. value0 != value1 & proposal(round2, value1) & vote(node0, round1, value0))
INFO mypyvy.py:73: [7] !(exists node0:node, round1:round, round2:round, value0:value, value1:value. value0 != value1 & vote(node0, round1, value0) & vote(node0, round2, value1))
INFO mypyvy.py:73: [8] !(exists node0:node, round0:round, round2:round, value0:value, value1:value. value0 != value1 & decision(round0, value0) & vote(node0, round0, value0) & vote(node0, round2, value1) & !le(round2, round0))
INFO mypyvy.py:73: [7] !(exists node0:node, round0:round, round2:round, value0:value, value1:value. value0 != value1 & decision(round0, value0) & !one_b(node0, round2) & proposal(round2, value1) & vote(node0, round0, value0))
INFO mypyvy.py:73: [8] !(exists node0:node, quorum0:quorum, round0:round, round2:round, value0:value, value1:value. value0 != value1 & decision(round0, value0) & !one_b(node0, round2) & vote(node0, round2, value1) & member(node0, quorum0) & decision_quorum(round0, value0) = quorum0)
INFO mypyvy.py:73: [9] !(exists node0:node, quorum0:quorum, round0:round, round1:round, value0:value, value1:value. value0 != value1 & decision(round1, value1) & decision(round0, value0) & !one_b(node0, round1) & vote(node0, round1, value1) & !le(round0, round1) & member(node0, quorum0) & decision_quorum(round0, value0) = quorum0)
INFO mypyvy.py:73: [5] !(exists round0:round, round2:round, value0:value. round0 != round2 & decision(round0, value0) & one_a(round2))
INFO mypyvy.py:73: [6] !(exists node0:node, round0:round, round2:round, value0:value. round0 != round2 & decision(round0, value0) & one_b(node0, round2))
INFO mypyvy.py:73: [7] !(exists round0:round, round2:round, value0:value, value1:value. value0 != value1 & decision(round0, value0) & proposal(round2, value1))
INFO mypyvy.py:73: [8] !(exists node0:node, round0:round, round2:round, value0:value, value1:value. value0 != value1 & decision(round0, value0) & vote(node0, round0, value0) & vote(node0, round2, value1))
INFO mypyvy.py:73: [9] !(exists round0:round, round1:round, value0:value, value1:value. value0 != value1 & decision(round1, value1) & decision(round0, value0))
INFO mypyvy.py:73: frame 0 of the_phase is
forall R:round. !one_a(R)
forall N:node, R:round. !one_b(N, R)
forall N:node, R:round. !left_round(N, R)
forall R:round, V:value. !proposal(R, V)
forall N:node, R:round, V:value. !vote(N, R, V)
forall R:round, V:value. !decision(R, V)
INFO mypyvy.py:73: frame 1 of the_phase is
forall N:node, R:round. !one_b(N, R)
forall N:node, R:round. !left_round(N, R)
forall R:round, V:value. !proposal(R, V)
forall N:node, R:round, V:value. !vote(N, R, V)
forall R:round, V:value. !decision(R, V)
!(exists round0:round. one_a(round0) & none = round0)
!(exists round1:round, round2:round. round1 != round2 & one_a(round1) & one_a(round2))
INFO mypyvy.py:73: frame 2 of the_phase is
forall R:round, V:value. !proposal(R, V)
forall N:node, R:round, V:value. !vote(N, R, V)
forall R:round, V:value. !decision(R, V)
!(exists node0:node, round0:round, round1:round. !left_round(node0, round0) & one_b(node0, round1) & !le(round1, round0))
!(exists node1:node, round2:round. !one_a(round2) & one_b(node1, round2))
!(exists round0:round. one_a(round0) & none = round0)
!(exists node0:node, round1:round. left_round(node0, round1) & one_a(round1))
!(exists node0:node, round0:round, round1:round, round2:round. round1 != round2 & left_round(node0, round0) & one_a(round1) & one_a(round2))
!(exists node2:node, round1:round, round2:round. round1 != round2 & one_a(round1) & one_b(node2, round2))
INFO mypyvy.py:73: frame 3 of the_phase is
forall N:node, R:round, V:value. !vote(N, R, V)
forall R:round, V:value. !decision(R, V)
!(exists round1:round, value0:value, value1:value. value0 != value1 & proposal(round1, value0) & proposal(round1, value1))
!(exists node0:node, round0:round, round1:round. !left_round(node0, round0) & one_b(node0, round1) & !le(round1, round0))
!(exists round2:round, value1:value. !one_a(round2) & proposal(round2, value1))
!(exists round0:round. one_a(round0) & none = round0)
!(exists node0:node, round2:round. !one_a(round2) & one_b(node0, round2))
!(exists round1:round, round2:round, value1:value. round1 != round2 & one_a(round1) & proposal(round2, value1))
!(exists node0:node, node1:node, round2:round. left_round(node0, round2) & one_b(node1, round2))
INFO mypyvy.py:73: frame 4 of the_phase is
forall R:round, V:value. !decision(R, V)
!(exists node0:node, round1:round, value1:value. !proposal(round1, value1) & vote(node0, round1, value1))
!(exists node1:node, round1:round, round2:round. !left_round(node1, round1) & one_b(node1, round2) & !le(round2, round1))
!(exists round1:round, round2:round, value0:value, value1:value. value0 != value1 & proposal(round1, value0) & proposal(round2, value1))
!(exists node0:node, node1:node, round2:round, value1:value. node0 != node1 & vote(node0, round2, value1) & vote(node1, round2, value1))
!(exists round0:round. one_a(round0) & none = round0)
!(exists round2:round, value0:value. !one_a(round2) & proposal(round2, value0))
!(exists node0:node, round2:round. !one_a(round2) & one_b(node0, round2))
!(exists node1:node, round1:round, round2:round, value0:value. round1 != round2 & one_a(round2) & vote(node1, round1, value0))
!(exists node0:node, round1:round, round2:round, value0:value. left_round(node0, round2) & one_b(node0, round1) & proposal(round2, value0))
!(exists node1:node, round1:round, round2:round, value0:value. one_b(node1, round2) & proposal(round1, value0) & !le(round1, round2))
INFO mypyvy.py:73: frame 5 of the_phase is
!(exists node0:node, quorum0:quorum, round0:round, value0:value. decision(round0, value0) & !vote(node0, round0, value0) & member(node0, quorum0) & decision_quorum(round0, value0) = quorum0)
!(exists round0:round, value0:value. proposal(round0, value0) & none = round0)
!(exists node0:node, round0:round, value0:value. !proposal(round0, value0) & vote(node0, round0, value0))
!(exists node0:node, round1:round. one_b(node0, round1) & none = round1)
!(exists node1:node, round1:round, round2:round. !left_round(node1, round1) & one_b(node1, round2) & !le(round2, round1))
!(exists node0:node, node1:node, round0:round, value0:value. node0 != node1 & decision(round0, value0) & vote(node0, round0, value0) & vote(node1, round0, value0))
!(exists node0:node, node1:node, round1:round, round2:round, value0:value. left_round(node1, round1) & one_b(node1, round2) & vote(node0, round1, value0))
!(exists round1:round, round2:round, value0:value, value1:value. value0 != value1 & proposal(round1, value0) & proposal(round2, value1))
!(exists node0:node, node1:node, round1:round, round2:round, value0:value. round1 != round2 & one_b(node1, round2) & vote(node0, round1, value0))
!(exists round0:round, round2:round, value0:value. round0 != round2 & decision(round0, value0) & one_a(round2))
INFO mypyvy.py:73: frame 6 of the_phase is
!(exists node0:node, quorum0:quorum, round0:round, value0:value. decision(round0, value0) & !vote(node0, round0, value0) & member(node0, quorum0) & decision_quorum(round0, value0) = quorum0)
!(exists round0:round, value0:value. proposal(round0, value0) & none = round0)
!(exists round1:round, value0:value, value1:value. value0 != value1 & proposal(round1, value0) & proposal(round1, value1))
!(exists node0:node, round0:round, value0:value. !proposal(round0, value0) & vote(node0, round0, value0))
!(exists node0:node, round1:round. one_b(node0, round1) & none = round1)
!(exists node1:node, round1:round, round2:round. !left_round(node1, round1) & one_b(node1, round2) & !le(round2, round1))
!(exists node0:node, round1:round, round2:round, value0:value, value1:value. value0 != value1 & proposal(round2, value1) & vote(node0, round1, value0))
!(exists node0:node, round0:round, round2:round, value0:value. round0 != round2 & decision(round0, value0) & one_b(node0, round2))
INFO mypyvy.py:73: frame 7 of the_phase is
!(exists node0:node, quorum0:quorum, round0:round, value0:value. decision(round0, value0) & !vote(node0, round0, value0) & member(node0, quorum0) & decision_quorum(round0, value0) = quorum0)
!(exists round0:round, value0:value. proposal(round0, value0) & none = round0)
!(exists round1:round, value0:value, value1:value. value0 != value1 & proposal(round1, value0) & proposal(round1, value1))
!(exists node0:node, round0:round, value0:value. !proposal(round0, value0) & vote(node0, round0, value0))
!(exists node0:node, round1:round. one_b(node0, round1) & none = round1)
!(exists node1:node, round1:round, round2:round. !left_round(node1, round1) & one_b(node1, round2) & !le(round2, round1))
!(exists node0:node, round1:round, round2:round, value0:value, value1:value. value0 != value1 & vote(node0, round1, value0) & vote(node0, round2, value1))
!(exists round0:round, round2:round, value0:value, value1:value. value0 != value1 & decision(round0, value0) & proposal(round2, value1))
INFO mypyvy.py:73: frame 8 of the_phase is
!(exists node0:node, quorum0:quorum, round0:round, value0:value. decision(round0, value0) & !vote(node0, round0, value0) & member(node0, quorum0) & decision_quorum(round0, value0) = quorum0)
!(exists round0:round, value0:value. proposal(round0, value0) & none = round0)
!(exists round1:round, value0:value, value1:value. value0 != value1 & proposal(round1, value0) & proposal(round1, value1))
!(exists node0:node, round0:round, value0:value. !proposal(round0, value0) & vote(node0, round0, value0))
!(exists node0:node, round1:round. one_b(node0, round1) & none = round1)
!(exists node1:node, round1:round, round2:round. !left_round(node1, round1) & one_b(node1, round2) & !le(round2, round1))
!(exists node0:node, round0:round, round2:round, value0:value, value1:value. value0 != value1 & decision(round0, value0) & vote(node0, round0, value0) & vote(node0, round2, value1))
INFO mypyvy.py:73: frame 9 of the_phase is
!(exists node0:node, quorum0:quorum, round0:round, value0:value. decision(round0, value0) & !vote(node0, round0, value0) & member(node0, quorum0) & decision_quorum(round0, value0) = quorum0)
!(exists round0:round, value0:value. proposal(round0, value0) & none = round0)
!(exists round1:round, value0:value, value1:value. value0 != value1 & proposal(round1, value0) & proposal(round1, value1))
!(exists node0:node, round0:round, value0:value. !proposal(round0, value0) & vote(node0, round0, value0))
!(exists node0:node, round1:round. one_b(node0, round1) & none = round1)
!(exists node1:node, round1:round, round2:round. !left_round(node1, round1) & one_b(node1, round2) & !le(round2, round1))
!(exists round0:round, round1:round, value0:value, value1:value. value0 != value1 & decision(round1, value1) & decision(round0, value0))
INFO mypyvy.py:73: considering frame 9
INFO mypyvy.py:73: frame is safe but not inductive. starting new frame
INFO mypyvy.py:73: [5] !(exists node0:node, node1:node, round1:round, round2:round, value1:value. node0 != node1 & round1 != round2 & one_a(round1) & vote(node0, round2, value1) & vote(node1, round2, value1))
INFO mypyvy.py:73: [6] !(exists node0:node, node1:node, round0:round, round2:round, value0:value. node0 != node1 & round0 != round2 & decision(round0, value0) & one_a(round2) & vote(node0, round0, value0) & vote(node1, round0, value0))
INFO mypyvy.py:73: [6] !(exists node0:node, node1:node, round1:round, round2:round, value1:value. node0 != node1 & round1 != round2 & one_b(node0, round1) & vote(node0, round2, value1) & vote(node1, round2, value1))
INFO mypyvy.py:73: [7] !(exists node0:node, node1:node, round0:round, round2:round, value0:value. node0 != node1 & round0 != round2 & decision(round0, value0) & one_b(node1, round2) & vote(node0, round0, value0) & vote(node1, round0, value0))
exists node0, quorum0, round0, round1, round2, value0, value1.
  round0 != round1 &
  round0 != round2 &
  round1 != round2 &
  value0 != value1 &
  !decision(round1, value0) &
  decision(round1, value1) &
  decision(round0, value0) &
  !decision(round0, value1) &
  !decision(round2, value0) &
  !decision(round2, value1) &
  !left_round(node0, round1) &
  !left_round(node0, round0) &
  !left_round(node0, round2) &
  one_a(round1) &
  one_a(round0) &
  !one_a(round2) &
  !one_b(node0, round1) &
  !one_b(node0, round0) &
  !one_b(node0, round2) &
  !proposal(round1, value0) &
  proposal(round1, value1) &
  proposal(round0, value0) &
  !proposal(round0, value1) &
  !proposal(round2, value0) &
  !proposal(round2, value1) &
  !vote(node0, round1, value0) &
  vote(node0, round1, value1) &
  vote(node0, round0, value0) &
  !vote(node0, round0, value1) &
  !vote(node0, round2, value0) &
  !vote(node0, round2, value1) &
  le(round1, round1) &
  !le(round1, round0) &
  !le(round1, round2) &
  le(round0, round1) &
  le(round0, round0) &
  le(round0, round2) &
  le(round2, round1) &
  !le(round2, round0) &
  le(round2, round2) &
  member(node0, quorum0) &
  none = round2 &
  decision_quorum(round1, value0) = quorum0 &
  decision_quorum(round1, value1) = quorum0 &
  decision_quorum(round0, value0) = quorum0 &
  decision_quorum(round0, value1) = quorum0 &
  decision_quorum(round2, value0) = quorum0 &
  decision_quorum(round2, value1) = quorum0
decide assume None exists node0, quorum0, round0, round1, round2, value0, value1.
  round0 != round1 &
  round0 != round2 &
  round1 != round2 &
  value0 != value1 &
  !decision(round1, value0) &
  !decision(round1, value1) &
  decision(round0, value0) &
  !decision(round0, value1) &
  !decision(round2, value0) &
  !decision(round2, value1) &
  !left_round(node0, round1) &
  !left_round(node0, round0) &
  !left_round(node0, round2) &
  !one_a(round1) &
  one_a(round0) &
  one_a(round2) &
  !one_b(node0, round1) &
  !one_b(node0, round0) &
  !one_b(node0, round2) &
  !proposal(round1, value0) &
  !proposal(round1, value1) &
  proposal(round0, value0) &
  !proposal(round0, value1) &
  !proposal(round2, value0) &
  proposal(round2, value1) &
  !vote(node0, round1, value0) &
  !vote(node0, round1, value1) &
  vote(node0, round0, value0) &
  !vote(node0, round0, value1) &
  !vote(node0, round2, value0) &
  vote(node0, round2, value1) &
  le(round1, round1) &
  le(round1, round0) &
  !le(round1, round2) &
  !le(round0, round1) &
  le(round0, round0) &
  !le(round0, round2) &
  le(round2, round1) &
  le(round2, round0) &
  le(round2, round2) &
  member(node0, quorum0) &
  none = round1 &
  decision_quorum(round1, value0) = quorum0 &
  decision_quorum(round1, value1) = quorum0 &
  decision_quorum(round0, value0) = quorum0 &
  decision_quorum(round0, value1) = quorum0 &
  decision_quorum(round2, value0) = quorum0 &
  decision_quorum(round2, value1) = quorum0
cast_vote assume None exists node0, quorum0, round0, round1, round2, value0, value1.
  round0 != round1 &
  round0 != round2 &
  round1 != round2 &
  value0 != value1 &
  !decision(round1, value0) &
  !decision(round1, value1) &
  decision(round0, value0) &
  !decision(round0, value1) &
  !decision(round2, value0) &
  !decision(round2, value1) &
  !left_round(node0, round1) &
  !left_round(node0, round0) &
  !left_round(node0, round2) &
  !one_a(round1) &
  one_a(round0) &
  one_a(round2) &
  !one_b(node0, round1) &
  !one_b(node0, round0) &
  !one_b(node0, round2) &
  !proposal(round1, value0) &
  !proposal(round1, value1) &
  proposal(round0, value0) &
  !proposal(round0, value1) &
  !proposal(round2, value0) &
  proposal(round2, value1) &
  !vote(node0, round1, value0) &
  !vote(node0, round1, value1) &
  vote(node0, round0, value0) &
  !vote(node0, round0, value1) &
  !vote(node0, round2, value0) &
  !vote(node0, round2, value1) &
  le(round1, round1) &
  le(round1, round0) &
  !le(round1, round2) &
  !le(round0, round1) &
  le(round0, round0) &
  !le(round0, round2) &
  le(round2, round1) &
  le(round2, round0) &
  le(round2, round2) &
  member(node0, quorum0) &
  none = round1 &
  decision_quorum(round1, value0) = quorum0 &
  decision_quorum(round1, value1) = quorum0 &
  decision_quorum(round0, value0) = quorum0 &
  decision_quorum(round0, value1) = quorum0 &
  decision_quorum(round2, value0) = quorum0 &
  decision_quorum(round2, value1) = quorum0
decide assume None exists node0, quorum0, round0, round1, round2, value0, value1.
  round0 != round1 &
  round0 != round2 &
  round1 != round2 &
  value0 != value1 &
  !decision(round1, value0) &
  !decision(round1, value1) &
  !decision(round0, value0) &
  !decision(round0, value1) &
  !decision(round2, value0) &
  !decision(round2, value1) &
  !left_round(node0, round1) &
  !left_round(node0, round0) &
  !left_round(node0, round2) &
  one_a(round1) &
  !one_a(round0) &
  one_a(round2) &
  !one_b(node0, round1) &
  !one_b(node0, round0) &
  !one_b(node0, round2) &
  proposal(round1, value0) &
  !proposal(round1, value1) &
  !proposal(round0, value0) &
  !proposal(round0, value1) &
  !proposal(round2, value0) &
  proposal(round2, value1) &
  !vote(node0, round1, value0) &
  !vote(node0, round1, value1) &
  !vote(node0, round0, value0) &
  !vote(node0, round0, value1) &
  !vote(node0, round2, value0) &
  vote(node0, round2, value1) &
  le(round1, round1) &
  le(round1, round0) &
  le(round1, round2) &
  !le(round0, round1) &
  le(round0, round0) &
  le(round0, round2) &
  !le(round2, round1) &
  !le(round2, round0) &
  le(round2, round2) &
  member(node0, quorum0) &
  none = round0 &
  decision_quorum(round1, value0) = quorum0 &
  decision_quorum(round1, value1) = quorum0 &
  decision_quorum(round0, value0) = quorum0 &
  decision_quorum(round0, value1) = quorum0 &
  decision_quorum(round2, value0) = quorum0 &
  decision_quorum(round2, value1) = quorum0
propose assume None exists node0, node1, quorum0, quorum1, round0, round1, round2, value0, value1.
  node0 != node1 &
  quorum0 != quorum1 &
  round0 != round1 &
  round0 != round2 &
  round1 != round2 &
  value0 != value1 &
  !decision(round1, value0) &
  !decision(round1, value1) &
  !decision(round0, value0) &
  !decision(round0, value1) &
  !decision(round2, value0) &
  !decision(round2, value1) &
  !left_round(node0, round1) &
  !left_round(node0, round0) &
  !left_round(node0, round2) &
  !left_round(node1, round1) &
  !left_round(node1, round0) &
  !left_round(node1, round2) &
  one_a(round1) &
  !one_a(round0) &
  one_a(round2) &
  !one_b(node0, round1) &
  !one_b(node0, round0) &
  !one_b(node0, round2) &
  !one_b(node1, round1) &
  !one_b(node1, round0) &
  one_b(node1, round2) &
  proposal(round1, value0) &
  !proposal(round1, value1) &
  !proposal(round0, value0) &
  !proposal(round0, value1) &
  !proposal(round2, value0) &
  !proposal(round2, value1) &
  vote(node0, round1, value0) &
  !vote(node0, round1, value1) &
  !vote(node0, round0, value0) &
  !vote(node0, round0, value1) &
  !vote(node0, round2, value0) &
  !vote(node0, round2, value1) &
  !vote(node1, round1, value0) &
  !vote(node1, round1, value1) &
  !vote(node1, round0, value0) &
  !vote(node1, round0, value1) &
  !vote(node1, round2, value0) &
  !vote(node1, round2, value1) &
  le(round1, round1) &
  !le(round1, round0) &
  !le(round1, round2) &
  le(round0, round1) &
  le(round0, round0) &
  !le(round0, round2) &
  le(round2, round1) &
  le(round2, round0) &
  le(round2, round2) &
  !member(node0, quorum0) &
  member(node0, quorum1) &
  member(node1, quorum0) &
  member(node1, quorum1) &
  none = round0 &
  decision_quorum(round1, value0) = quorum1 &
  decision_quorum(round1, value1) = quorum1 &
  decision_quorum(round0, value0) = quorum1 &
  decision_quorum(round0, value1) = quorum1 &
  decision_quorum(round2, value0) = quorum1 &
  decision_quorum(round2, value1) = quorum1
join_round assume None exists node0, node1, quorum0, quorum1, round0, round1, round2, value0, value1.
  node0 != node1 &
  quorum0 != quorum1 &
  round0 != round1 &
  round0 != round2 &
  round1 != round2 &
  value0 != value1 &
  !decision(round1, value0) &
  !decision(round1, value1) &
  !decision(round0, value0) &
  !decision(round0, value1) &
  !decision(round2, value0) &
  !decision(round2, value1) &
  !left_round(node0, round1) &
  !left_round(node0, round0) &
  !left_round(node0, round2) &
  !left_round(node1, round1) &
  !left_round(node1, round0) &
  !left_round(node1, round2) &
  one_a(round1) &
  !one_a(round0) &
  one_a(round2) &
  !one_b(node0, round1) &
  !one_b(node0, round0) &
  !one_b(node0, round2) &
  !one_b(node1, round1) &
  !one_b(node1, round0) &
  !one_b(node1, round2) &
  proposal(round1, value0) &
  !proposal(round1, value1) &
  !proposal(round0, value0) &
  !proposal(round0, value1) &
  !proposal(round2, value0) &
  !proposal(round2, value1) &
  !vote(node0, round1, value0) &
  !vote(node0, round1, value1) &
  !vote(node0, round0, value0) &
  !vote(node0, round0, value1) &
  !vote(node0, round2, value0) &
  !vote(node0, round2, value1) &
  vote(node1, round1, value0) &
  !vote(node1, round1, value1) &
  !vote(node1, round0, value0) &
  !vote(node1, round0, value1) &
  !vote(node1, round2, value0) &
  !vote(node1, round2, value1) &
  le(round1, round1) &
  !le(round1, round0) &
  !le(round1, round2) &
  le(round0, round1) &
  le(round0, round0) &
  !le(round0, round2) &
  le(round2, round1) &
  le(round2, round0) &
  le(round2, round2) &
  member(node0, quorum0) &
  member(node0, quorum1) &
  !member(node1, quorum0) &
  member(node1, quorum1) &
  none = round0 &
  decision_quorum(round1, value0) = quorum1 &
  decision_quorum(round1, value1) = quorum1 &
  decision_quorum(round0, value0) = quorum1 &
  decision_quorum(round0, value1) = quorum1 &
  decision_quorum(round2, value0) = quorum1 &
  decision_quorum(round2, value1) = quorum1
send_1a assume None exists node0, node1, quorum0, quorum1, round0, round1, round2, value0, value1.
  node0 != node1 &
  quorum0 != quorum1 &
  round0 != round1 &
  round0 != round2 &
  round1 != round2 &
  value0 != value1 &
  !decision(round1, value0) &
  !decision(round1, value1) &
  !decision(round0, value0) &
  !decision(round0, value1) &
  !decision(round2, value0) &
  !decision(round2, value1) &
  !left_round(node0, round1) &
  !left_round(node0, round0) &
  !left_round(node0, round2) &
  !left_round(node1, round1) &
  !left_round(node1, round0) &
  !left_round(node1, round2) &
  one_a(round1) &
  !one_a(round0) &
  !one_a(round2) &
  !one_b(node0, round1) &
  !one_b(node0, round0) &
  !one_b(node0, round2) &
  !one_b(node1, round1) &
  !one_b(node1, round0) &
  !one_b(node1, round2) &
  proposal(round1, value0) &
  !proposal(round1, value1) &
  !proposal(round0, value0) &
  !proposal(round0, value1) &
  !proposal(round2, value0) &
  !proposal(round2, value1) &
  !vote(node0, round1, value0) &
  !vote(node0, round1, value1) &
  !vote(node0, round0, value0) &
  !vote(node0, round0, value1) &
  !vote(node0, round2, value0) &
  !vote(node0, round2, value1) &
  vote(node1, round1, value0) &
  !vote(node1, round1, value1) &
  !vote(node1, round0, value0) &
  !vote(node1, round0, value1) &
  !vote(node1, round2, value0) &
  !vote(node1, round2, value1) &
  le(round1, round1) &
  !le(round1, round0) &
  !le(round1, round2) &
  le(round0, round1) &
  le(round0, round0) &
  !le(round0, round2) &
  le(round2, round1) &
  le(round2, round0) &
  le(round2, round2) &
  member(node0, quorum0) &
  member(node0, quorum1) &
  !member(node1, quorum0) &
  member(node1, quorum1) &
  none = round0 &
  decision_quorum(round1, value0) = quorum1 &
  decision_quorum(round1, value1) = quorum1 &
  decision_quorum(round0, value0) = quorum1 &
  decision_quorum(round0, value1) = quorum1 &
  decision_quorum(round2, value0) = quorum1 &
  decision_quorum(round2, value1) = quorum1
cast_vote assume None exists node0, node1, quorum0, quorum1, round0, round1, round2, value0, value1.
  node0 != node1 &
  quorum0 != quorum1 &
  round0 != round1 &
  round0 != round2 &
  round1 != round2 &
  value0 != value1 &
  !decision(round1, value0) &
  !decision(round1, value1) &
  !decision(round0, value0) &
  !decision(round0, value1) &
  !decision(round2, value0) &
  !decision(round2, value1) &
  !left_round(node0, round1) &
  !left_round(node0, round0) &
  !left_round(node0, round2) &
  !left_round(node1, round1) &
  !left_round(node1, round0) &
  !left_round(node1, round2) &
  !one_a(round1) &
  !one_a(round0) &
  one_a(round2) &
  !one_b(node0, round1) &
  !one_b(node0, round0) &
  !one_b(node0, round2) &
  !one_b(node1, round1) &
  !one_b(node1, round0) &
  !one_b(node1, round2) &
  !proposal(round1, value0) &
  !proposal(round1, value1) &
  !proposal(round0, value0) &
  !proposal(round0, value1) &
  proposal(round2, value0) &
  !proposal(round2, value1) &
  !vote(node0, round1, value0) &
  !vote(node0, round1, value1) &
  !vote(node0, round0, value0) &
  !vote(node0, round0, value1) &
  !vote(node0, round2, value0) &
  !vote(node0, round2, value1) &
  !vote(node1, round1, value0) &
  !vote(node1, round1, value1) &
  !vote(node1, round0, value0) &
  !vote(node1, round0, value1) &
  !vote(node1, round2, value0) &
  !vote(node1, round2, value1) &
  le(round1, round1) &
  le(round1, round0) &
  le(round1, round2) &
  !le(round0, round1) &
  le(round0, round0) &
  le(round0, round2) &
  !le(round2, round1) &
  !le(round2, round0) &
  le(round2, round2) &
  member(node0, quorum0) &
  member(node0, quorum1) &
  !member(node1, quorum0) &
  member(node1, quorum1) &
  none = round0 &
  decision_quorum(round1, value0) = quorum1 &
  decision_quorum(round1, value1) = quorum1 &
  decision_quorum(round0, value0) = quorum1 &
  decision_quorum(round0, value1) = quorum1 &
  decision_quorum(round2, value0) = quorum1 &
  decision_quorum(round2, value1) = quorum1
propose assume None exists node0, node1, node2, quorum0, quorum1, quorum2, round0, round1, round2, value0, value1.
  node0 != node1 &
  node0 != node2 &
  node1 != node2 &
  quorum0 != quorum1 &
  quorum0 != quorum2 &
  quorum1 != quorum2 &
  round0 != round1 &
  round0 != round2 &
  round1 != round2 &
  value0 != value1 &
  !decision(round1, value0) &
  !decision(round1, value1) &
  !decision(round0, value0) &
  !decision(round0, value1) &
  !decision(round2, value0) &
  !decision(round2, value1) &
  left_round(node2, round1) &
  left_round(node2, round0) &
  !left_round(node2, round2) &
  !left_round(node0, round1) &
  !left_round(node0, round0) &
  !left_round(node0, round2) &
  !left_round(node1, round1) &
  !left_round(node1, round0) &
  !left_round(node1, round2) &
  !one_a(round1) &
  !one_a(round0) &
  one_a(round2) &
  !one_b(node2, round1) &
  !one_b(node2, round0) &
  one_b(node2, round2) &
  !one_b(node0, round1) &
  !one_b(node0, round0) &
  !one_b(node0, round2) &
  !one_b(node1, round1) &
  !one_b(node1, round0) &
  !one_b(node1, round2) &
  !proposal(round1, value0) &
  !proposal(round1, value1) &
  !proposal(round0, value0) &
  !proposal(round0, value1) &
  !proposal(round2, value0) &
  !proposal(round2, value1) &
  !vote(node2, round1, value0) &
  !vote(node2, round1, value1) &
  !vote(node2, round0, value0) &
  !vote(node2, round0, value1) &
  !vote(node2, round2, value0) &
  !vote(node2, round2, value1) &
  !vote(node0, round1, value0) &
  !vote(node0, round1, value1) &
  !vote(node0, round0, value0) &
  !vote(node0, round0, value1) &
  !vote(node0, round2, value0) &
  !vote(node0, round2, value1) &
  !vote(node1, round1, value0) &
  !vote(node1, round1, value1) &
  !vote(node1, round0, value0) &
  !vote(node1, round0, value1) &
  !vote(node1, round2, value0) &
  !vote(node1, round2, value1) &
  le(round1, round1) &
  le(round1, round0) &
  le(round1, round2) &
  !le(round0, round1) &
  le(round0, round0) &
  le(round0, round2) &
  !le(round2, round1) &
  !le(round2, round0) &
  le(round2, round2) &
  member(node2, quorum0) &
  member(node2, quorum2) &
  member(node2, quorum1) &
  member(node0, quorum0) &
  !member(node0, quorum2) &
  member(node0, quorum1) &
  !member(node1, quorum0) &
  !member(node1, quorum2) &
  member(node1, quorum1) &
  none = round0 &
  decision_quorum(round1, value0) = quorum1 &
  decision_quorum(round1, value1) = quorum1 &
  decision_quorum(round0, value0) = quorum1 &
  decision_quorum(round0, value1) = quorum1 &
  decision_quorum(round2, value0) = quorum1 &
  decision_quorum(round2, value1) = quorum1
join_round assume None exists node0, node1, node2, quorum0, quorum1, quorum2, round0, round1, round2, value0, value1.
  node0 != node1 &
  node0 != node2 &
  node1 != node2 &
  quorum0 != quorum1 &
  quorum0 != quorum2 &
  quorum1 != quorum2 &
  round0 != round1 &
  round0 != round2 &
  round1 != round2 &
  value0 != value1 &
  !decision(round1, value0) &
  !decision(round1, value1) &
  !decision(round0, value0) &
  !decision(round0, value1) &
  !decision(round2, value0) &
  !decision(round2, value1) &
  !left_round(node2, round1) &
  !left_round(node2, round0) &
  !left_round(node2, round2) &
  !left_round(node0, round1) &
  !left_round(node0, round0) &
  !left_round(node0, round2) &
  !left_round(node1, round1) &
  !left_round(node1, round0) &
  !left_round(node1, round2) &
  !one_a(round1) &
  !one_a(round0) &
  one_a(round2) &
  !one_b(node2, round1) &
  !one_b(node2, round0) &
  !one_b(node2, round2) &
  !one_b(node0, round1) &
  !one_b(node0, round0) &
  !one_b(node0, round2) &
  !one_b(node1, round1) &
  !one_b(node1, round0) &
  !one_b(node1, round2) &
  !proposal(round1, value0) &
  !proposal(round1, value1) &
  !proposal(round0, value0) &
  !proposal(round0, value1) &
  !proposal(round2, value0) &
  !proposal(round2, value1) &
  !vote(node2, round1, value0) &
  !vote(node2, round1, value1) &
  !vote(node2, round0, value0) &
  !vote(node2, round0, value1) &
  !vote(node2, round2, value0) &
  !vote(node2, round2, value1) &
  !vote(node0, round1, value0) &
  !vote(node0, round1, value1) &
  !vote(node0, round0, value0) &
  !vote(node0, round0, value1) &
  !vote(node0, round2, value0) &
  !vote(node0, round2, value1) &
  !vote(node1, round1, value0) &
  !vote(node1, round1, value1) &
  !vote(node1, round0, value0) &
  !vote(node1, round0, value1) &
  !vote(node1, round2, value0) &
  !vote(node1, round2, value1) &
  le(round1, round1) &
  le(round1, round0) &
  le(round1, round2) &
  !le(round0, round1) &
  le(round0, round0) &
  le(round0, round2) &
  !le(round2, round1) &
  !le(round2, round0) &
  le(round2, round2) &
  member(node2, quorum0) &
  member(node2, quorum2) &
  member(node2, quorum1) &
  member(node0, quorum0) &
  !member(node0, quorum2) &
  member(node0, quorum1) &
  !member(node1, quorum0) &
  !member(node1, quorum2) &
  member(node1, quorum1) &
  none = round0 &
  decision_quorum(round1, value0) = quorum1 &
  decision_quorum(round1, value1) = quorum1 &
  decision_quorum(round0, value0) = quorum1 &
  decision_quorum(round0, value1) = quorum1 &
  decision_quorum(round2, value0) = quorum1 &
  decision_quorum(round2, value1) = quorum1
send_1a assume None exists node0, node1, node2, quorum0, quorum1, quorum2, round0, round1, round2, value0, value1.
  node0 != node1 &
  node0 != node2 &
  node1 != node2 &
  quorum0 != quorum1 &
  quorum0 != quorum2 &
  quorum1 != quorum2 &
  round0 != round1 &
  round0 != round2 &
  round1 != round2 &
  value0 != value1 &
  !decision(round1, value0) &
  !decision(round1, value1) &
  !decision(round0, value0) &
  !decision(round0, value1) &
  !decision(round2, value0) &
  !decision(round2, value1) &
  !left_round(node2, round1) &
  !left_round(node2, round0) &
  !left_round(node2, round2) &
  !left_round(node0, round1) &
  !left_round(node0, round0) &
  !left_round(node0, round2) &
  !left_round(node1, round1) &
  !left_round(node1, round0) &
  !left_round(node1, round2) &
  !one_a(round1) &
  !one_a(round0) &
  !one_a(round2) &
  !one_b(node2, round1) &
  !one_b(node2, round0) &
  !one_b(node2, round2) &
  !one_b(node0, round1) &
  !one_b(node0, round0) &
  !one_b(node0, round2) &
  !one_b(node1, round1) &
  !one_b(node1, round0) &
  !one_b(node1, round2) &
  !proposal(round1, value0) &
  !proposal(round1, value1) &
  !proposal(round0, value0) &
  !proposal(round0, value1) &
  !proposal(round2, value0) &
  !proposal(round2, value1) &
  !vote(node2, round1, value0) &
  !vote(node2, round1, value1) &
  !vote(node2, round0, value0) &
  !vote(node2, round0, value1) &
  !vote(node2, round2, value0) &
  !vote(node2, round2, value1) &
  !vote(node0, round1, value0) &
  !vote(node0, round1, value1) &
  !vote(node0, round0, value0) &
  !vote(node0, round0, value1) &
  !vote(node0, round2, value0) &
  !vote(node0, round2, value1) &
  !vote(node1, round1, value0) &
  !vote(node1, round1, value1) &
  !vote(node1, round0, value0) &
  !vote(node1, round0, value1) &
  !vote(node1, round2, value0) &
  !vote(node1, round2, value1) &
  le(round1, round1) &
  le(round1, round0) &
  le(round1, round2) &
  !le(round0, round1) &
  le(round0, round0) &
  le(round0, round2) &
  !le(round2, round1) &
  !le(round2, round0) &
  le(round2, round2) &
  member(node2, quorum0) &
  member(node2, quorum2) &
  member(node2, quorum1) &
  member(node0, quorum0) &
  !member(node0, quorum2) &
  member(node0, quorum1) &
  !member(node1, quorum0) &
  !member(node1, quorum2) &
  member(node1, quorum1) &
  none = round0 &
  decision_quorum(round1, value0) = quorum1 &
  decision_quorum(round1, value1) = quorum1 &
  decision_quorum(round0, value0) = quorum1 &
  decision_quorum(round0, value1) = quorum1 &
  decision_quorum(round2, value0) = quorum1 &
  decision_quorum(round2, value1) = quorum1
Traceback (most recent call last):
  File "mypyvy.py", line 2030, in <module>
    main()
  File "mypyvy.py", line 2015, in main
    utils.args.main(s, prog)
  File "mypyvy.py", line 116, in wrapped
    ans = func(*args, **kwargs)
  File "mypyvy.py", line 104, in wrapped
    ans = func(*args, **kwargs)
  File "mypyvy.py", line 1629, in updr
    fs.search()
  File "mypyvy.py", line 1603, in search
    self.new_frame()
  File "mypyvy.py", line 1107, in new_frame
    self.establish_safety()
  File "mypyvy.py", line 116, in wrapped
    ans = func(*args, **kwargs)
  File "mypyvy.py", line 1133, in establish_safety
    self.block(diag, frame_no, violating, [(None, diag)], True)
  File "mypyvy.py", line 116, in wrapped
    ans = func(*args, **kwargs)
  File "mypyvy.py", line 1347, in block
    ans = self.block(pre_diag, j-1, pre_phase, trace, safety_goal)
  File "mypyvy.py", line 116, in wrapped
    ans = func(*args, **kwargs)
  File "mypyvy.py", line 1347, in block
    ans = self.block(pre_diag, j-1, pre_phase, trace, safety_goal)
  File "mypyvy.py", line 116, in wrapped
    ans = func(*args, **kwargs)
  File "mypyvy.py", line 1347, in block
    ans = self.block(pre_diag, j-1, pre_phase, trace, safety_goal)
  File "mypyvy.py", line 116, in wrapped
    ans = func(*args, **kwargs)
  File "mypyvy.py", line 1347, in block
    ans = self.block(pre_diag, j-1, pre_phase, trace, safety_goal)
  File "mypyvy.py", line 116, in wrapped
    ans = func(*args, **kwargs)
  File "mypyvy.py", line 1347, in block
    ans = self.block(pre_diag, j-1, pre_phase, trace, safety_goal)
  File "mypyvy.py", line 116, in wrapped
    ans = func(*args, **kwargs)
  File "mypyvy.py", line 1347, in block
    ans = self.block(pre_diag, j-1, pre_phase, trace, safety_goal)
  File "mypyvy.py", line 116, in wrapped
    ans = func(*args, **kwargs)
  File "mypyvy.py", line 1347, in block
    ans = self.block(pre_diag, j-1, pre_phase, trace, safety_goal)
  File "mypyvy.py", line 116, in wrapped
    ans = func(*args, **kwargs)
  File "mypyvy.py", line 1347, in block
    ans = self.block(pre_diag, j-1, pre_phase, trace, safety_goal)
  File "mypyvy.py", line 116, in wrapped
    ans = func(*args, **kwargs)
  File "mypyvy.py", line 1347, in block
    ans = self.block(pre_diag, j-1, pre_phase, trace, safety_goal)
  File "mypyvy.py", line 116, in wrapped
    ans = func(*args, **kwargs)
  File "mypyvy.py", line 1347, in block
    ans = self.block(pre_diag, j-1, pre_phase, trace, safety_goal)
  File "mypyvy.py", line 116, in wrapped
    ans = func(*args, **kwargs)
  File "mypyvy.py", line 1321, in block
    raise Exception('abstract counterexample')
Exception: abstract counterexample
